warning: ignoring unsupported tag `TOC_INCLUDE_HEADINGS   =' at line 313, file /home/travis/build/Erriez/ErriezLKM1638/Doxyfile
warning: ignoring unsupported tag `CLANG_COMPILATION_DATABASE_PATH=' at line 1105, file /home/travis/build/Erriez/ErriezLKM1638/Doxyfile
warning: ignoring unsupported tag `HTML_DYNAMIC_MENUS     =' at line 1270, file /home/travis/build/Erriez/ErriezLKM1638/Doxyfile
warning: ignoring unsupported tag `PLANTUML_CFG_FILE      =' at line 2450, file /home/travis/build/Erriez/ErriezLKM1638/Doxyfile
/home/travis/build/Erriez/ErriezLKM1638/src/LKM1638Board.h:108: warning: Member print(uint16_t value) (function) of class LKM1638Board is not documented.
/home/travis/build/Erriez/ErriezLKM1638/src/LKM1638Board.h:109: warning: Member print(uint16_t value, uint8_t radius) (function) of class LKM1638Board is not documented.
/home/travis/build/Erriez/ErriezLKM1638/src/LKM1638Board.h:110: warning: Member print(uint16_t value, uint8_t radius, uint8_t maxDigits) (function) of class LKM1638Board is not documented.
/home/travis/build/Erriez/ErriezLKM1638/src/LKM1638Board.h:111: warning: Member print(uint16_t value, uint8_t radius, uint8_t maxDigits, uint8_t pad) (function) of class LKM1638Board is not documented.
/home/travis/build/Erriez/ErriezLKM1638/src/LKM1638Board.h:113: warning: Member print(unsigned long value) (function) of class LKM1638Board is not documented.
/home/travis/build/Erriez/ErriezLKM1638/src/LKM1638Board.h:114: warning: Member print(unsigned long value, uint8_t radius) (function) of class LKM1638Board is not documented.
/home/travis/build/Erriez/ErriezLKM1638/src/LKM1638Board.h:115: warning: Member print(unsigned long value, uint8_t radius, uint8_t maxDigits) (function) of class LKM1638Board is not documented.
/home/travis/build/Erriez/ErriezLKM1638/src/LKM1638Board.h:116: warning: Member print(unsigned long value, uint8_t radius, uint8_t maxDigits, uint8_t pad) (function) of class LKM1638Board is not documented.
/home/travis/build/Erriez/ErriezLKM1638/src/LKM1638Board.h:119: warning: Member print(int8_t value) (function) of class LKM1638Board is not documented.
/home/travis/build/Erriez/ErriezLKM1638/src/LKM1638Board.h:120: warning: Member print(int8_t value, uint8_t radius) (function) of class LKM1638Board is not documented.
/home/travis/build/Erriez/ErriezLKM1638/src/LKM1638Board.h:121: warning: Member print(int8_t value, uint8_t radius, uint8_t maxDigits) (function) of class LKM1638Board is not documented.
/home/travis/build/Erriez/ErriezLKM1638/src/LKM1638Board.h:123: warning: Member print(int16_t value) (function) of class LKM1638Board is not documented.
/home/travis/build/Erriez/ErriezLKM1638/src/LKM1638Board.h:124: warning: Member print(int16_t value, uint8_t radius) (function) of class LKM1638Board is not documented.
/home/travis/build/Erriez/ErriezLKM1638/src/LKM1638Board.h:125: warning: Member print(int16_t value, uint8_t radius, uint8_t maxDigits) (function) of class LKM1638Board is not documented.
/home/travis/build/Erriez/ErriezLKM1638/src/LKM1638Board.h:127: warning: Member print(long value) (function) of class LKM1638Board is not documented.
/home/travis/build/Erriez/ErriezLKM1638/src/LKM1638Board.h:128: warning: Member print(long value, uint8_t radius) (function) of class LKM1638Board is not documented.
/home/travis/build/Erriez/ErriezLKM1638/src/LKM1638Board.h:129: warning: Member print(long value, uint8_t radius, uint8_t maxDigits) (function) of class LKM1638Board is not documented.
Searching for include files...
Searching for example files...
Searching for images...
Searching for dot files...
Searching for msc files...
Searching for dia files...
Searching for files to exclude
Searching INPUT for files to process...
Searching for files in directory /home/travis/build/Erriez/ErriezLKM1638/src
Reading and parsing tag files
Parsing files
Preprocessing /home/travis/build/Erriez/ErriezLKM1638/src/LKM1638Board.cpp...
Parsing file /home/travis/build/Erriez/ErriezLKM1638/src/LKM1638Board.cpp...
Preprocessing /home/travis/build/Erriez/ErriezLKM1638/src/LKM1638Board.h...
Parsing file /home/travis/build/Erriez/ErriezLKM1638/src/LKM1638Board.h...
Reading /home/travis/build/Erriez/ErriezLKM1638/README.md...
Building group list...
Building directory list...
Building namespace list...
Building file list...
Building class list...
Associating documentation with classes...
Computing nesting relations for classes...
Building example list...
Searching for enumerations...
Searching for documented typedefs...
Searching for members imported via using declarations...
Searching for included using directives...
Searching for documented variables...
Building interface member list...
Building member list...
Searching for friends...
Searching for documented defines...
Computing class inheritance relations...
Computing class usage relations...
Flushing cached template relations that have become invalid...
Creating members for template instances...
Computing class relations...
Add enum values to enums...
Searching for member function documentation...
Building page list...
Search for main page...
Computing page relations...
Determining the scope of groups...
Sorting lists...
Freeing entry tree
Determining which enums are documented
Computing member relations...
Building full member lists recursively...
Adding members to member groups.
Computing member references...
Inheriting documentation...
Generating disk names...
Adding source references...
Adding xrefitems...
Sorting member lists...
Computing dependencies between directories...
Generating citations page...
Counting data structures...
Resolving user defined references...
Finding anchors and sections in the documentation...
Transferring function references...
Combining using relations...
Adding members to index pages...
Generating style sheet...
Generating search indices...
Generating example documentation...
Generating file sources...
Generating code for file LKM1638Board.cpp...
Generating code for file LKM1638Board.h...
Generating code for file README.md...
Generating file documentation...
Generating docs for file LKM1638Board.cpp...
Generating docs for file LKM1638Board.h...
Generating page documentation...
Generating group documentation...
Generating class documentation...
Generating docs for compound LKM1638Board...
Generating namespace index...
Generating graph info page...
Generating directory documentation...
Generating index page...
Generating page index...
Generating module index...
Generating namespace index...
Generating namespace member index...
Generating annotated compound index...
Generating alphabetical compound index...
Generating hierarchical class index...
Generating member index...
Generating file index...
Generating file member index...
Generating example index...
finalizing index lists...
writing tag file...
lookup cache used 42/65536 hits=561 misses=42
finished...
